Using pre-set license
Built from '2020.3/release' branch; Version is '2020.3.7f1 (dd97f2c94397) revision 14522354'; Using compiler version '192528614'; Build Type 'Release'
OS: 'Windows 10 Pro; OS build 19041.1348; Version 2004; 64bit' Language: 'tr' Physical Memory: 16319 MB
BatchMode: 1, IsHumanControllingUs: 0, StartBugReporterOnCrash: 0, Is64bit: 1, IsPro: 0

 COMMAND LINE ARGUMENTS:
C:\unityeditorfolder\Unity\Editor\Unity.exe
-adb2
-batchMode
-noUpm
-name
AssetImportWorker0
-projectPath
C:/Users/enver/OneDrive/Masaüstü/demo
-logFile
Logs/AssetImportWorker0.log
-srvPort
50152
Successfully changed project path to: C:/Users/enver/OneDrive/Masaüstü/demo
C:/Users/enver/OneDrive/Masaüstü/demo
Using Asset Import Pipeline V2.
Refreshing native plugins compatible for Editor in 23.05 ms, found 0 plugins.
Preloading 0 native plugins for Editor in 0.00 ms.
Initialize engine version: 2020.3.7f1 (dd97f2c94397)
[Subsystems] Discovering subsystems at path C:/unityeditorfolder/Unity/Editor/Data/Resources/UnitySubsystems
[Subsystems] Discovering subsystems at path C:/Users/enver/OneDrive/Masaüstü/demo/Assets
GfxDevice: creating device client; threaded=0
Direct3D:
    Version:  Direct3D 11.0 [level 11.1]
    Renderer: NVIDIA GeForce RTX 2060 (ID=0x1e89)
    Vendor:   
    VRAM:     5967 MB
    Driver:   30.0.14.9709
Initialize mono
Mono path[0] = 'C:/unityeditorfolder/Unity/Editor/Data/Managed'
Mono path[1] = 'C:/unityeditorfolder/Unity/Editor/Data/MonoBleedingEdge/lib/mono/unityjit'
Mono config path = 'C:/unityeditorfolder/Unity/Editor/Data/MonoBleedingEdge/etc'
Using monoOptions --debugger-agent=transport=dt_socket,embedding=1,server=y,suspend=n,address=127.0.0.1:56456
Begin MonoManager ReloadAssembly
Registering precompiled unity dll's ...
Register platform support module: C:/unityeditorfolder/Unity/Editor/Data/PlaybackEngines/WebGLSupport/UnityEditor.WebGL.Extensions.dll
Register platform support module: C:/unityeditorfolder/Unity/Editor/Data/PlaybackEngines/WindowsStandaloneSupport/UnityEditor.WindowsStandalone.Extensions.dll
Registered in 0.002301 seconds.
Native extension for WindowsStandalone target not found
Native extension for WebGL target not found
Refreshing native plugins compatible for Editor in 24.45 ms, found 0 plugins.
Preloading 0 native plugins for Editor in 0.00 ms.
Mono: successfully reloaded assembly
- Completed reload, in  1.399 seconds
Platform modules already initialized, skipping
Registering precompiled user dll's ...
Registered in 0.000622 seconds.
Begin MonoManager ReloadAssembly
Native extension for WindowsStandalone target not found
Native extension for WebGL target not found
Refreshing native plugins compatible for Editor in 0.28 ms, found 0 plugins.
Preloading 0 native plugins for Editor in 0.00 ms.
Mono: successfully reloaded assembly
- Completed reload, in  0.785 seconds
Platform modules already initialized, skipping
========================================================================
Worker process is ready to serve import requests
Launched and connected shader compiler UnityShaderCompiler.exe after 0.03 seconds
Refreshing native plugins compatible for Editor in 0.34 ms, found 0 plugins.
Preloading 0 native plugins for Editor in 0.00 ms.
Unloading 1122 Unused Serialized files (Serialized files now loaded: 0)
System memory in use before: 57.5 MB.
System memory in use after: 57.6 MB.

Unloading 10 unused Assets to reduce memory usage. Loaded Objects now: 1566.
Total: 1.777700 ms (FindLiveObjects: 0.166700 ms CreateObjectMapping: 0.029500 ms MarkObjects: 1.508400 ms  DeleteObjects: 0.072000 ms)

========================================================================
Received Import Request.
  path: Assets/Scripts/Balloon.cs
  artifactKey: Guid(37101bcb82042e141aec384124529192) Importer(815301076,1909f56bfc062723c751e8b465ee728b)
Start importing Assets/Scripts/Balloon.cs using Guid(37101bcb82042e141aec384124529192) Importer(815301076,1909f56bfc062723c751e8b465ee728b)  -> (artifact id: 'c96eace6f1e8a7a9537d74153cc65f9e') in 0.020024 seconds
  Import took 0.022731 seconds .

========================================================================
Received Import Request.
  Time since last request: 132.899686 seconds.
  path: Assets/Scripts/Balloon.cs
  artifactKey: Guid(37101bcb82042e141aec384124529192) Importer(815301076,1909f56bfc062723c751e8b465ee728b)
Start importing Assets/Scripts/Balloon.cs using Guid(37101bcb82042e141aec384124529192) Importer(815301076,1909f56bfc062723c751e8b465ee728b)  -> (artifact id: '9307e5a00390bfc0c1d2e9351f742a8a') in 0.001896 seconds
  Import took 0.003651 seconds .

========================================================================
Received Import Request.
  Time since last request: 0.000405 seconds.
  path: Assets/Scripts/Balloon.cs
  artifactKey: Guid(37101bcb82042e141aec384124529192) Importer(815301076,1909f56bfc062723c751e8b465ee728b)
Start importing Assets/Scripts/Balloon.cs using Guid(37101bcb82042e141aec384124529192) Importer(815301076,1909f56bfc062723c751e8b465ee728b)  -> (artifact id: '9307e5a00390bfc0c1d2e9351f742a8a') in 0.003268 seconds
  Import took 0.005255 seconds .

========================================================================
Received Prepare
Registering precompiled user dll's ...
Registered in 0.000596 seconds.
Begin MonoManager ReloadAssembly
Native extension for WindowsStandalone target not found
Native extension for WebGL target not found
Refreshing native plugins compatible for Editor in 0.29 ms, found 0 plugins.
Preloading 0 native plugins for Editor in 0.00 ms.
Mono: successfully reloaded assembly
- Completed reload, in  0.654 seconds
Platform modules already initialized, skipping
Refreshing native plugins compatible for Editor in 0.34 ms, found 0 plugins.
Preloading 0 native plugins for Editor in 0.00 ms.
Unloading 1117 Unused Serialized files (Serialized files now loaded: 0)
System memory in use before: 57.5 MB.
System memory in use after: 57.5 MB.

Unloading 5 unused Assets to reduce memory usage. Loaded Objects now: 1569.
Total: 1.619800 ms (FindLiveObjects: 0.165700 ms CreateObjectMapping: 0.029200 ms MarkObjects: 1.366400 ms  DeleteObjects: 0.057400 ms)

========================================================================
Received Import Request.
  Time since last request: 5.534556 seconds.
  path: Assets/Scenes/Draw.unity
  artifactKey: Guid(9fc0d4010bbf28b4594072e72b8655ab) Importer(815301076,1909f56bfc062723c751e8b465ee728b)
Start importing Assets/Scenes/Draw.unity using Guid(9fc0d4010bbf28b4594072e72b8655ab) Importer(815301076,1909f56bfc062723c751e8b465ee728b)  -> (artifact id: '27260da276646fe823a4ef07acee5d4d') in 0.013687 seconds
  Import took 0.016466 seconds .

========================================================================
Received Import Request.
  Time since last request: 3.050367 seconds.
  path: Assets/Scenes/Balloon.unity
  artifactKey: Guid(8f5092520bd1b9d4cbaf2c3d0a9ee6be) Importer(815301076,1909f56bfc062723c751e8b465ee728b)
Start importing Assets/Scenes/Balloon.unity using Guid(8f5092520bd1b9d4cbaf2c3d0a9ee6be) Importer(815301076,1909f56bfc062723c751e8b465ee728b)  -> (artifact id: '4a9fdb2574156ad5608a67e9183754da') in 0.006668 seconds
  Import took 0.009398 seconds .

========================================================================
Received Prepare
Registering precompiled user dll's ...
Registered in 0.000578 seconds.
Begin MonoManager ReloadAssembly
Native extension for WindowsStandalone target not found
Native extension for WebGL target not found
Refreshing native plugins compatible for Editor in 0.29 ms, found 0 plugins.
Preloading 0 native plugins for Editor in 0.00 ms.
Mono: successfully reloaded assembly
- Completed reload, in  0.648 seconds
Platform modules already initialized, skipping
Refreshing native plugins compatible for Editor in 0.26 ms, found 0 plugins.
Preloading 0 native plugins for Editor in 0.00 ms.
Unloading 1117 Unused Serialized files (Serialized files now loaded: 0)
System memory in use before: 57.5 MB.
System memory in use after: 57.6 MB.

Unloading 5 unused Assets to reduce memory usage. Loaded Objects now: 1572.
Total: 1.502100 ms (FindLiveObjects: 0.173500 ms CreateObjectMapping: 0.026200 ms MarkObjects: 1.246300 ms  DeleteObjects: 0.054500 ms)

========================================================================
Received Import Request.
  Time since last request: 88.616394 seconds.
  path: Assets/Prefabs/Balloon 1 (3).prefab
  artifactKey: Guid(a91fe8e762fde324aadd6ff917a3661c) Importer(815301076,1909f56bfc062723c751e8b465ee728b)
Start importing Assets/Prefabs/Balloon 1 (3).prefab using Guid(a91fe8e762fde324aadd6ff917a3661c) Importer(815301076,1909f56bfc062723c751e8b465ee728b)  -> (artifact id: '3b67505bf91a72e4e7002cbd1702f289') in 0.085264 seconds
  Import took 0.087524 seconds .

========================================================================
Received Import Request.
  Time since last request: 0.847182 seconds.
  path: Assets/Prefabs/Balloon 1 (4).prefab
  artifactKey: Guid(cd7bca121b4cb914c996d5ade6bdb0fb) Importer(815301076,1909f56bfc062723c751e8b465ee728b)
Start importing Assets/Prefabs/Balloon 1 (4).prefab using Guid(cd7bca121b4cb914c996d5ade6bdb0fb) Importer(815301076,1909f56bfc062723c751e8b465ee728b)  -> (artifact id: 'e6882017a08c172b48fa7e76fd9aa81e') in 0.013512 seconds
  Import took 0.015693 seconds .

========================================================================
Received Import Request.
  Time since last request: 1.960877 seconds.
  path: Assets/Prefabs/Balloon 1 (5).prefab
  artifactKey: Guid(7d0c19f03ceb3ff409cc79b6e454f13c) Importer(815301076,1909f56bfc062723c751e8b465ee728b)
Start importing Assets/Prefabs/Balloon 1 (5).prefab using Guid(7d0c19f03ceb3ff409cc79b6e454f13c) Importer(815301076,1909f56bfc062723c751e8b465ee728b)  -> (artifact id: '21519b206670e678fa16b1148c4a1410') in 0.013891 seconds
  Import took 0.016359 seconds .

========================================================================
Received Import Request.
  Time since last request: 2.228473 seconds.
  path: Assets/Prefabs/Balloon 1 (6).prefab
  artifactKey: Guid(3868d43146ae83a41860725caa778c0b) Importer(815301076,1909f56bfc062723c751e8b465ee728b)
Start importing Assets/Prefabs/Balloon 1 (6).prefab using Guid(3868d43146ae83a41860725caa778c0b) Importer(815301076,1909f56bfc062723c751e8b465ee728b)  -> (artifact id: 'b97d11ae5681448fd1f5e539078a35a2') in 0.014283 seconds
  Import took 0.016381 seconds .

========================================================================
Received Prepare
Registering precompiled user dll's ...
Registered in 0.000586 seconds.
Begin MonoManager ReloadAssembly
Native extension for WindowsStandalone target not found
Native extension for WebGL target not found
Refreshing native plugins compatible for Editor in 0.25 ms, found 0 plugins.
Preloading 0 native plugins for Editor in 0.00 ms.
Mono: successfully reloaded assembly
- Completed reload, in  0.662 seconds
Platform modules already initialized, skipping
Refreshing native plugins compatible for Editor in 0.25 ms, found 0 plugins.
Preloading 0 native plugins for Editor in 0.00 ms.
Unloading 1117 Unused Serialized files (Serialized files now loaded: 0)
System memory in use before: 60.7 MB.
System memory in use after: 60.8 MB.

Unloading 6 unused Assets to reduce memory usage. Loaded Objects now: 1584.
Total: 2.339600 ms (FindLiveObjects: 0.164300 ms CreateObjectMapping: 0.032800 ms MarkObjects: 2.063500 ms  DeleteObjects: 0.077900 ms)

========================================================================
Received Import Request.
  Time since last request: 49.191510 seconds.
  path: Assets/Prefabs/Balloon 1 (3).prefab
  artifactKey: Guid(a91fe8e762fde324aadd6ff917a3661c) Importer(815301076,1909f56bfc062723c751e8b465ee728b)
Start importing Assets/Prefabs/Balloon 1 (3).prefab using Guid(a91fe8e762fde324aadd6ff917a3661c) Importer(815301076,1909f56bfc062723c751e8b465ee728b)  -> (artifact id: '7002b6437d2fb38cd12c463b8caec254') in 0.047355 seconds
  Import took 0.049834 seconds .

========================================================================
Received Prepare
Registering precompiled user dll's ...
Registered in 0.000702 seconds.
Begin MonoManager ReloadAssembly
Native extension for WindowsStandalone target not found
Native extension for WebGL target not found
Refreshing native plugins compatible for Editor in 0.26 ms, found 0 plugins.
Preloading 0 native plugins for Editor in 0.00 ms.
Mono: successfully reloaded assembly
- Completed reload, in  0.664 seconds
Platform modules already initialized, skipping
Refreshing native plugins compatible for Editor in 0.24 ms, found 0 plugins.
Preloading 0 native plugins for Editor in 0.00 ms.
Unloading 1117 Unused Serialized files (Serialized files now loaded: 0)
System memory in use before: 60.7 MB.
System memory in use after: 60.8 MB.

Unloading 6 unused Assets to reduce memory usage. Loaded Objects now: 1588.
Total: 1.566800 ms (FindLiveObjects: 0.158900 ms CreateObjectMapping: 0.026200 ms MarkObjects: 1.326000 ms  DeleteObjects: 0.054700 ms)

AssetImportWorkerClient::OnTransportError - code=2 error=End of file
